#
# A fatal error has been detected by the Java Runtime Environment:
#
#  SIGSEGV (0xb) at pc=0xb4a28e2f, pid=3741, tid=2367056704
#
# JRE version: OpenJDK Runtime Environment (7.0_45-b31) (build 1.7.0_45-b31)
# Java VM: OpenJDK Client VM (24.45-b08 mixed mode linux-x86 )
# Problematic frame:
# J  java.util.PriorityQueue.siftUpComparable(ILjava/lang/Object;)V
#
# Failed to write core dump. Core dumps have been disabled. To enable core dumping, try "ulimit -c unlimited" before starting Java again
#
# If you would like to submit a bug report, please include
# instructions on how to reproduce the bug and visit:
#   http://icedtea.classpath.org/bugzilla
#

---------------  T H R E A D  ---------------

Current thread (0x8e6da400):  JavaThread "AWT-EventQueue-0" [_thread_in_Java, id=3755, stack(0x8d116000,0x8d167000)]

siginfo:si_signo=SIGSEGV: si_errno=0, si_code=1 (SEGV_MAPERR), si_addr=0x00000010

Registers:
EAX=0x00000001, EBX=0x00000000, ECX=0x00000000, EDX=0x00000000
ESP=0x8d164e00, EBP=0xb109e090, ESI=0xd6df7a7a, EDI=0xb4a28d8c
EIP=0xb4a28e2f, EFLAGS=0x00210246, CR2=0x00000010

Top of Stack: (sp=0x8d164e00)
0x8d164e00:   00000000 9b712a48 00000009 00000000
0x8d164e10:   8d164e08 b0997fb4 9b70e1b0 00000002
0x8d164e20:   9b835f18 00000000 d6df7a7a b480ada5
0x8d164e30:   8e6da528 8d164eb0 8d164e84 b4803207
0x8d164e40:   90813870 0000029a 00000000 0000029b
0x8d164e50:   00000000 b4803207 90813870 00000002
0x8d164e60:   9b70e1b0 8d164e64 b109c07f 8d164e94
0x8d164e70:   b109ced0 00000000 b109c0b8 8d164e58 

Instructions: (pc=0xb4a28e2f)
0xb4a28e0f:   24 28 8b 4c 24 18 83 fa 00 0f 8e 11 00 00 00 e9
0xb4a28e1f:   39 ff ff ff 8b 54 24 1c 8b 74 24 28 8b 4c 24 18
0xb4a28e2f:   8b 79 10 8d 5c 97 0c 3b 57 08 0f 83 9e 00 00 00
0xb4a28e3f:   83 fe 00 0f 84 3b 00 00 00 8b 7f 04 8b 46 04 8b 

Register to memory mapping:

EAX=0x00000001 is an unknown value
EBX=0x00000000 is an unknown value
ECX=0x00000000 is an unknown value
EDX=0x00000000 is an unknown value
ESP=0x8d164e00 is pointing into the stack for thread: 0x8e6da400
EBP=0xb109e090 is an oop
{instance class} 
 - klass: {other class}
ESI=0xd6df7a7a is an unknown value
EDI=0xb4a28d8c is at entry_point+156 in (nmethod*)0xb4a28bc8


Stack: [0x8d116000,0x8d167000],  sp=0x8d164e00,  free space=315k
Native frames: (J=compiled Java code, j=interpreted, Vv=VM code, C=native code)
J  java.util.PriorityQueue.siftUpComparable(ILjava/lang/Object;)V


---------------  P R O C E S S  ---------------

Java Threads: ( => current thread )
  0xb6806800 JavaThread "DestroyJavaVM" [_thread_blocked, id=3742, stack(0xb693e000,0xb698f000)]
  0x8d071400 JavaThread "TimerQueue" daemon [_thread_blocked, id=3759, stack(0x8cebc000,0x8cf0d000)]
=>0x8e6da400 JavaThread "AWT-EventQueue-0" [_thread_in_Java, id=3755, stack(0x8d116000,0x8d167000)]
  0x8e6d9400 JavaThread "AWT-Shutdown" [_thread_blocked, id=3754, stack(0x8d167000,0x8d1b8000)]
  0x8fc87000 JavaThread "AWT-XAWT" daemon [_thread_in_native, id=3751, stack(0x8e70e000,0x8e75f000)]
  0x8fc75400 JavaThread "Java2D Disposer" daemon [_thread_blocked, id=3750, stack(0x8e75f000,0x8e7b0000)]
  0xb6879c00 JavaThread "Service Thread" daemon [_thread_blocked, id=3748, stack(0x8fe54000,0x8fea5000)]
  0xb6877c00 JavaThread "C1 CompilerThread0" daemon [_thread_blocked, id=3747, stack(0x8fea5000,0x8ff26000)]
  0xb6876000 JavaThread "Signal Dispatcher" daemon [_thread_blocked, id=3746, stack(0x8ff26000,0x8ff77000)]
  0xb6864400 JavaThread "Finalizer" daemon [_thread_blocked, id=3745, stack(0x9021f000,0x90270000)]
  0xb6862c00 JavaThread "Reference Handler" daemon [_thread_blocked, id=3744, stack(0x90270000,0x902c1000)]

Other Threads:
  0xb6860400 VMThread [stack: 0x902c1000,0x90342000] [id=3743]
  0xb687c000 WatcherThread [stack: 0x8fdd3000,0x8fe54000] [id=3749]

VM state:not at safepoint (normal execution)

VM Mutex/Monitor currently owned by a thread: None

Heap
 def new generation   total 6208K, used 608K [0x90780000, 0x90e30000, 0x9b220000)
  eden space 5568K,  10% used [0x90780000, 0x90818388, 0x90cf0000)
  from space 640K,   0% used [0x90cf0000, 0x90cf0000, 0x90d90000)
  to   space 640K,   0% used [0x90d90000, 0x90d90000, 0x90e30000)
 tenured generation   total 13632K, used 7107K [0x9b220000, 0x9bf70000, 0xb0780000)
   the space 13632K,  52% used [0x9b220000, 0x9b910ef8, 0x9b911000, 0x9bf70000)
 compacting perm gen  total 12288K, used 11840K [0xb0780000, 0xb1380000, 0xb4780000)
   the space 12288K,  96% used [0xb0780000, 0xb13101b8, 0xb1310200, 0xb1380000)
No shared spaces configured.

Card table byte_map: [0x9065f000,0x90780000] byte_map_base: 0x901db400

Polling page: 0xb773f000

Code Cache  [0xb4800000, 0xb4a30000, 0xb6800000)
 total_blobs=1376 nmethods=1101 adapters=210 free_code_cache=30535Kb largest_free_block=31268224

Compilation events (10 events):
Event: 119.076 Thread 0xb6877c00 1102   !         java.util.concurrent.DelayQueue::take (212 bytes)
Event: 119.078 Thread 0xb6877c00 nmethod 1102 0xb4a2b448 code [0xb4a2b6c0, 0xb4a2be80]
Event: 125.846 Thread 0xb6877c00 1103   !         java.util.regex.Pattern::matcher (44 bytes)
Event: 125.847 Thread 0xb6877c00 nmethod 1103 0xb4a2cc08 code [0xb4a2cd40, 0xb4a2cfe4]
Event: 125.853 Thread 0xb6877c00 1104   !         sun.awt.X11.XToolkit::getLastCursorPos (38 bytes)
Event: 125.854 Thread 0xb6877c00 nmethod 1104 0xb4a2d0c8 code [0xb4a2d210, 0xb4a2d3a8]
Event: 126.080 Thread 0xb6877c00 1105   !         java.awt.EventQueue::wakeup (79 bytes)
Event: 126.081 Thread 0xb6877c00 nmethod 1105 0xb4a2d708 code [0xb4a2d8a0, 0xb4a2db80]
Event: 126.142 Thread 0xb6877c00 1106             java.awt.Container$MouseEventTargetFilter::accept (66 bytes)
Event: 126.142 Thread 0xb6877c00 nmethod 1106 0xb4a2e008 code [0xb4a2e100, 0xb4a2e230]

GC Heap History (10 events):
Event: 33.249 GC heap before
{Heap before GC invocations=6 (full 0):
 def new generation   total 4928K, used 4928K [0x90780000, 0x90cd0000, 0x9b220000)
  eden space 4416K, 100% used [0x90780000, 0x90bd0000, 0x90bd0000)
  from space 512K, 100% used [0x90bd0000, 0x90c50000, 0x90c50000)
  to   space 512K,   0% used [0x90c50000, 0x90c50000, 0x90cd0000)
 tenured generation   total 10944K, used 6735K [0x9b220000, 0x9bcd0000, 0xb0780000)
   the space 10944K,  61% used [0x9b220000, 0x9b8b3c00, 0x9b8b3c00, 0x9bcd0000)
 compacting perm gen  total 12288K, used 11588K [0xb0780000, 0xb1380000, 0xb4780000)
   the space 12288K,  94% used [0xb0780000, 0xb12d1358, 0xb12d1400, 0xb1380000)
No shared spaces configured.
Event: 33.288 GC heap after
Heap after GC invocations=7 (full 0):
 def new generation   total 4928K, used 500K [0x90780000, 0x90cd0000, 0x9b220000)
  eden space 4416K,   0% used [0x90780000, 0x90780000, 0x90bd0000)
  from space 512K,  97% used [0x90c50000, 0x90ccd168, 0x90cd0000)
  to   space 512K,   0% used [0x90bd0000, 0x90bd0000, 0x90c50000)
 tenured generation   total 10944K, used 7966K [0x9b220000, 0x9bcd0000, 0xb0780000)
   the space 10944K,  72% used [0x9b220000, 0x9b9e7a18, 0x9b9e7c00, 0x9bcd0000)
 compacting perm gen  total 12288K, used 11588K [0xb0780000, 0xb1380000, 0xb4780000)
   the space 12288K,  94% used [0xb0780000, 0xb12d1358, 0xb12d1400, 0xb1380000)
No shared spaces configured.
}
Event: 43.625 GC heap before
{Heap before GC invocations=7 (full 0):
 def new generation   total 4928K, used 4916K [0x90780000, 0x90cd0000, 0x9b220000)
  eden space 4416K, 100% used [0x90780000, 0x90bd0000, 0x90bd0000)
  from space 512K,  97% used [0x90c50000, 0x90ccd168, 0x90cd0000)
  to   space 512K,   0% used [0x90bd0000, 0x90bd0000, 0x90c50000)
 tenured generation   total 10944K, used 7966K [0x9b220000, 0x9bcd0000, 0xb0780000)
   the space 10944K,  72% used [0x9b220000, 0x9b9e7a18, 0x9b9e7c00, 0x9bcd0000)
 compacting perm gen  total 12288K, used 11759K [0xb0780000, 0xb1380000, 0xb4780000)
   the space 12288K,  95% used [0xb0780000, 0xb12fbc60, 0xb12fbe00, 0xb1380000)
No shared spaces configured.
Event: 43.635 GC heap after
Heap after GC invocations=8 (full 0):
 def new generation   total 4928K, used 446K [0x90780000, 0x90cd0000, 0x9b220000)
  eden space 4416K,   0% used [0x90780000, 0x90780000, 0x90bd0000)
  from space 512K,  87% used [0x90bd0000, 0x90c3fb58, 0x90c50000)
  to   space 512K,   0% used [0x90c50000, 0x90c50000, 0x90cd0000)
 tenured generation   total 10944K, used 8432K [0x9b220000, 0x9bcd0000, 0xb0780000)
   the space 10944K,  77% used [0x9b220000, 0x9ba5c328, 0x9ba5c400, 0x9bcd0000)
 compacting perm gen  total 12288K, used 11759K [0xb0780000, 0xb1380000, 0xb4780000)
   the space 12288K,  95% used [0xb0780000, 0xb12fbc60, 0xb12fbe00, 0xb1380000)
No shared spaces configured.
}
Event: 51.513 GC heap before
{Heap before GC invocations=8 (full 0):
 def new generation   total 4928K, used 2653K [0x90780000, 0x90cd0000, 0x9b220000)
  eden space 4416K,  49% used [0x90780000, 0x909a7960, 0x90bd0000)
  from space 512K,  87% used [0x90bd0000, 0x90c3fb58, 0x90c50000)
  to   space 512K,   0% used [0x90c50000, 0x90c50000, 0x90cd0000)
 tenured generation   total 10944K, used 8432K [0x9b220000, 0x9bcd0000, 0xb0780000)
   the space 10944K,  77% used [0x9b220000, 0x9ba5c328, 0x9ba5c400, 0x9bcd0000)
 compacting perm gen  total 12288K, used 11759K [0xb0780000, 0xb1380000, 0xb4780000)
   the space 12288K,  95% used [0xb0780000, 0xb12fbd70, 0xb12fbe00, 0xb1380000)
No shared spaces configured.
Event: 51.635 GC heap after
Heap after GC invocations=9 (full 1):
 def new generation   total 6208K, used 0K [0x90780000, 0x90e30000, 0x9b220000)
  eden space 5568K,   0% used [0x90780000, 0x90780000, 0x90cf0000)
  from space 640K,   0% used [0x90cf0000, 0x90cf0000, 0x90d90000)
  to   space 640K,   0% used [0x90d90000, 0x90d90000, 0x90e30000)
 tenured generation   total 13632K, used 8178K [0x9b220000, 0x9bf70000, 0xb0780000)
   the space 13632K,  59% used [0x9b220000, 0x9ba1c940, 0x9ba1ca00, 0x9bf70000)
 compacting perm gen  total 12288K, used 11759K [0xb0780000, 0xb1380000, 0xb4780000)
   the space 12288K,  95% used [0xb0780000, 0xb12fbd70, 0xb12fbe00, 0xb1380000)
No shared spaces configured.
}
Event: 55.035 GC heap before
{Heap before GC invocations=9 (full 1):
 def new generation   total 6208K, used 357K [0x90780000, 0x90e30000, 0x9b220000)
  eden space 5568K,   6% used [0x90780000, 0x907d9640, 0x90cf0000)
  from space 640K,   0% used [0x90cf0000, 0x90cf0000, 0x90d90000)
  to   space 640K,   0% used [0x90d90000, 0x90d90000, 0x90e30000)
 tenured generation   total 13632K, used 8178K [0x9b220000, 0x9bf70000, 0xb0780000)
   the space 13632K,  59% used [0x9b220000, 0x9ba1c940, 0x9ba1ca00, 0x9bf70000)
 compacting perm gen  total 12288K, used 11761K [0xb0780000, 0xb1380000, 0xb4780000)
   the space 12288K,  95% used [0xb0780000, 0xb12fc5d0, 0xb12fc600, 0xb1380000)
No shared spaces configured.
Event: 55.161 GC heap after
Heap after GC invocations=10 (full 2):
 def new generation   total 6208K, used 0K [0x90780000, 0x90e30000, 0x9b220000)
  eden space 5568K,   0% used [0x90780000, 0x90780000, 0x90cf0000)
  from space 640K,   0% used [0x90cf0000, 0x90cf0000, 0x90d90000)
  to   space 640K,   0% used [0x90d90000, 0x90d90000, 0x90e30000)
 tenured generation   total 13632K, used 6494K [0x9b220000, 0x9bf70000, 0xb0780000)
   the space 13632K,  47% used [0x9b220000, 0x9b877a70, 0x9b877c00, 0x9bf70000)
 compacting perm gen  total 12288K, used 11761K [0xb0780000, 0xb1380000, 0xb4780000)
   the space 12288K,  95% used [0xb0780000, 0xb12fc5d0, 0xb12fc600, 0xb1380000)
No shared spaces configured.
}
Event: 57.590 GC heap before
{Heap before GC invocations=10 (full 2):
 def new generation   total 6208K, used 1309K [0x90780000, 0x90e30000, 0x9b220000)
  eden space 5568K,  23% used [0x90780000, 0x908c7698, 0x90cf0000)
  from space 640K,   0% used [0x90cf0000, 0x90cf0000, 0x90d90000)
  to   space 640K,   0% used [0x90d90000, 0x90d90000, 0x90e30000)
 tenured generation   total 13632K, used 6494K [0x9b220000, 0x9bf70000, 0xb0780000)
   the space 13632K,  47% used [0x9b220000, 0x9b877a70, 0x9b877c00, 0x9bf70000)
 compacting perm gen  total 12288K, used 11761K [0xb0780000, 0xb1380000, 0xb4780000)
   the space 12288K,  95% used [0xb0780000, 0xb12fc610, 0xb12fc800, 0xb1380000)
No shared spaces configured.
Event: 57.704 GC heap after
Heap after GC invocations=11 (full 3):
 def new generation   total 6208K, used 0K [0x90780000, 0x90e30000, 0x9b220000)
  eden space 5568K,   0% used [0x90780000, 0x90780000, 0x90cf0000)
  from space 640K,   0% used [0x90cf0000, 0x90cf0000, 0x90d90000)
  to   space 640K,   0% used [0x90d90000, 0x90d90000, 0x90e30000)
 tenured generation   total 13632K, used 7107K [0x9b220000, 0x9bf70000, 0xb0780000)
   the space 13632K,  52% used [0x9b220000, 0x9b910ef8, 0x9b911000, 0x9bf70000)
 compacting perm gen  total 12288K, used 11761K [0xb0780000, 0xb1380000, 0xb4780000)
   the space 12288K,  95% used [0xb0780000, 0xb12fc610, 0xb12fc800, 0xb1380000)
No shared spaces configured.
}

Deoptimization events (0 events):
No events

Internal exceptions (10 events):
Event: 6.264 Thread 0x8e6da400 Threw 0x909b1710 at /build/java7-openjdk/src/icedtea-2.4.3/openjdk/hotspot/src/share/vm/prims/jvm.cpp:1244
Event: 6.454 Thread 0x8e6da400 Threw 0x90a5aa90 at /build/java7-openjdk/src/icedtea-2.4.3/openjdk/hotspot/src/share/vm/prims/jvm.cpp:1244
Event: 6.919 Thread 0x8e6da400 Threw 0x90b0f158 at /build/java7-openjdk/src/icedtea-2.4.3/openjdk/hotspot/src/share/vm/prims/jvm.cpp:1244
Event: 6.921 Thread 0x8e6da400 Threw 0x90b14390 at /build/java7-openjdk/src/icedtea-2.4.3/openjdk/hotspot/src/share/vm/prims/jvm.cpp:1244
Event: 6.925 Thread 0x8e6da400 Threw 0x90b1c3b0 at /build/java7-openjdk/src/icedtea-2.4.3/openjdk/hotspot/src/share/vm/prims/jni.cpp:743
Event: 33.010 Thread 0x8e6da400 Threw 0x90b6ddd8 at /build/java7-openjdk/src/icedtea-2.4.3/openjdk/hotspot/src/share/vm/prims/jvm.cpp:1244
Event: 33.012 Thread 0x8e6da400 Threw 0x90b78ff0 at /build/java7-openjdk/src/icedtea-2.4.3/openjdk/hotspot/src/share/vm/prims/jvm.cpp:1244
Event: 51.636 Thread 0x8e6da400 Threw 0x90785ed8 at /build/java7-openjdk/src/icedtea-2.4.3/openjdk/hotspot/src/share/vm/prims/jvm.cpp:1244
Event: 51.648 Thread 0x8e6da400 Threw 0x90790ac0 at /build/java7-openjdk/src/icedtea-2.4.3/openjdk/hotspot/src/share/vm/prims/jvm.cpp:1244
Event: 126.189 Thread 0x8e6da400 Implicit null exception at 0xb4a28e2f to 0x00000000

Events (10 events):
Event: 57.940 Executing VM operation: Deoptimize done
Event: 97.279 loading class 0x090b0498
Event: 97.280 loading class 0x090b0498 done
Event: 97.336 Executing VM operation: RevokeBias
Event: 97.336 Executing VM operation: RevokeBias done
Event: 97.338 Thread 0x8e6da400 DEOPT PACKING pc=0xb4a08e20 sp=0x8d1650e0
Event: 97.338 Thread 0x8e6da400 DEOPT UNPACKING pc=0xb482e137 sp=0x8d164fd0 mode 0
Event: 97.343 Executing VM operation: RevokeBias
Event: 97.343 Executing VM operation: RevokeBias done
Event: 97.343 Thread 0x8d03ec00 Thread exited: 0x8d03ec00


Dynamic libraries:
08048000-08049000 r-xp 00000000 08:01 970388     /usr/lib/jvm/java-7-openjdk/jre/bin/java
08049000-0804a000 rw-p 00000000 08:01 970388     /usr/lib/jvm/java-7-openjdk/jre/bin/java
09040000-09379000 rw-p 00000000 00:00 0          [heap]
849a7000-849a8000 ---p 00000000 00:00 0 
849a8000-851a8000 rw-p 00000000 00:00 0          [stack:3767]
851a8000-891a9000 rw-s 00000000 00:10 4389753    /dev/shm/pulse-shm-2449218571
891a9000-8930f000 r-xp 00000000 08:01 947294     /usr/lib/libvorbisenc.so.2.0.9
8930f000-89320000 r--p 00165000 08:01 947294     /usr/lib/libvorbisenc.so.2.0.9
89320000-89321000 rw-p 00176000 08:01 947294     /usr/lib/libvorbisenc.so.2.0.9
89321000-89355000 r-xp 00000000 08:01 947257     /usr/lib/libFLAC.so.8.3.0
89355000-89356000 r--p 00034000 08:01 947257     /usr/lib/libFLAC.so.8.3.0
89356000-89357000 rw-p 00035000 08:01 947257     /usr/lib/libFLAC.so.8.3.0
89357000-893c3000 r-xp 00000000 08:01 947303     /usr/lib/libsndfile.so.1.0.25
893c3000-893c4000 r--p 0006c000 08:01 947303     /usr/lib/libsndfile.so.1.0.25
893c4000-893c5000 rw-p 0006d000 08:01 947303     /usr/lib/libsndfile.so.1.0.25
893c5000-893c9000 rw-p 00000000 00:00 0 
893c9000-89439000 r-xp 00000000 08:01 947395     /usr/lib/pulseaudio/libpulsecommon-4.0.so
89439000-8943a000 r--p 0006f000 08:01 947395     /usr/lib/pulseaudio/libpulsecommon-4.0.so
8943a000-8943b000 rw-p 00070000 08:01 947395     /usr/lib/pulseaudio/libpulsecommon-4.0.so
8943b000-89489000 r-xp 00000000 08:01 947383     /usr/lib/libpulse.so.0.16.2
89489000-8948a000 r--p 0004d000 08:01 947383     /usr/lib/libpulse.so.0.16.2
8948a000-8948b000 rw-p 0004e000 08:01 947383     /usr/lib/libpulse.so.0.16.2
8948b000-8948c000 ---p 00000000 00:00 0 
8948c000-89c8c000 rw-p 00000000 00:00 0          [stack:3766]
89c8c000-89c8d000 ---p 00000000 00:00 0 
89c8d000-8a48d000 rw-p 00000000 00:00 0 
8a48d000-8a48e000 ---p 00000000 00:00 0 
8a48e000-8ac8e000 rw-p 00000000 00:00 0 
8ac8e000-8ca00000 r--p 00000000 08:01 17466      /usr/share/icons/hicolor/icon-theme.cache
8ca00000-8cafe000 rw-p 00000000 00:00 0 
8cafe000-8cb00000 ---p 00000000 00:00 0 
8cb19000-8cb2e000 r-xp 00000000 08:01 920674     /usr/lib/libnsl-2.18.so
8cb2e000-8cb2f000 r--p 00015000 08:01 920674     /usr/lib/libnsl-2.18.so
8cb2f000-8cb30000 rw-p 00016000 08:01 920674     /usr/lib/libnsl-2.18.so
8cb30000-8cb32000 rw-p 00000000 00:00 0 
8cb55000-8cbb5000 rw-s 00000000 00:04 909148178  /SYSV00000000 (deleted)
8cbb5000-8cbb8000 ---p 00000000 00:00 0 
8cbb8000-8cc06000 rw-p 00000000 00:00 0 
8cc0e000-8ccb8000 r--p 00000000 08:01 13946      /usr/share/fonts/TTF/DejaVuSans-Bold.ttf
8ccb8000-8ccd5000 r--s 00000000 08:01 1894       /usr/share/mime/mime.cache
8ccd5000-8ccee000 r-xp 00000000 08:01 962703     /usr/lib/gio/modules/libgioremote-volume-monitor.so
8ccee000-8ccef000 ---p 00019000 08:01 962703     /usr/lib/gio/modules/libgioremote-volume-monitor.so
8ccef000-8ccf0000 r--p 00019000 08:01 962703     /usr/lib/gio/modules/libgioremote-volume-monitor.so
8ccf0000-8ccf1000 rw-p 0001a000 08:01 962703     /usr/lib/gio/modules/libgioremote-volume-monitor.so
8ccf1000-8ce0b000 rw-s 00000000 00:04 909115407  /SYSV00000000 (deleted)
8ce0b000-8ce6b000 rw-s 00000000 00:04 909017102  /SYSV00000000 (deleted)
8ce6b000-8ce6e000 ---p 00000000 00:00 0 
8ce6e000-8cebc000 rw-p 00000000 00:00 0 
8cebc000-8cebf000 ---p 00000000 00:00 0 
8cebf000-8cf0d000 rw-p 00000000 00:00 0          [stack:3759]
8cf0d000-8cf10000 ---p 00000000 00:00 0 
8cf10000-8cf5e000 rw-p 00000000 00:00 0 
8cf5e000-8cf61000 ---p 00000000 00:00 0 
8cf61000-8cfaf000 rw-p 00000000 00:00 0 
8cfaf000-8cfb2000 ---p 00000000 00:00 0 
8cfb2000-8d000000 rw-p 00000000 00:00 0 
8d000000-8d0f6000 rw-p 00000000 00:00 0 
8d0f6000-8d100000 ---p 00000000 00:00 0 
8d10b000-8d114000 r-xp 00000000 08:01 947335     /usr/lib/libjson-c.so.2.0.1
8d114000-8d115000 r--p 00008000 08:01 947335     /usr/lib/libjson-c.so.2.0.1
8d115000-8d116000 rw-p 00009000 08:01 947335     /usr/lib/libjson-c.so.2.0.1
8d116000-8d119000 ---p 00000000 00:00 0 
8d119000-8d167000 rw-p 00000000 00:00 0          [stack:3755]
8d167000-8d16a000 ---p 00000000 00:00 0 
8d16a000-8d1b8000 rw-p 00000000 00:00 0          [stack:3754]
8d1b8000-8d1b9000 ---p 00000000 00:00 0 
8d1b9000-8d9b9000 rw-p 00000000 00:00 0 
8d9b9000-8d9ba000 ---p 00000000 00:00 0 
8d9ba000-8e1ba000 rw-p 00000000 00:00 0          [stack:3752]
8e1ba000-8e1df000 r-xp 00000000 08:01 926861     /usr/lib/liblzma.so.5.0.5
8e1df000-8e1e0000 r--p 00024000 08:01 926861     /usr/lib/liblzma.so.5.0.5
8e1e0000-8e1e1000 rw-p 00025000 08:01 926861     /usr/lib/liblzma.so.5.0.5
8e1e1000-8e335000 r-xp 00000000 08:01 945578     /usr/lib/libxml2.so.2.9.1
8e335000-8e339000 r--p 00153000 08:01 945578     /usr/lib/libxml2.so.2.9.1
8e339000-8e33a000 rw-p 00157000 08:01 945578     /usr/lib/libxml2.so.2.9.1
8e33a000-8e33b000 rw-p 00000000 00:00 0 
8e33b000-8e364000 r-xp 00000000 08:01 947226     /usr/lib/libbluray.so.1.3.0
8e364000-8e365000 r--p 00028000 08:01 947226     /usr/lib/libbluray.so.1.3.0
8e365000-8e366000 rw-p 00029000 08:01 947226     /usr/lib/libbluray.so.1.3.0
8e366000-8e399000 r-xp 00000000 08:01 957170     /usr/lib/libgvfscommon.so.0.0.0
8e399000-8e39b000 r--p 00033000 08:01 957170     /usr/lib/libgvfscommon.so.0.0.0
8e39b000-8e39c000 rw-p 00035000 08:01 957170     /usr/lib/libgvfscommon.so.0.0.0
8e39c000-8e3cc000 r-xp 00000000 08:01 962702     /usr/lib/gio/modules/libgvfsdbus.so
8e3cc000-8e3cd000 ---p 00030000 08:01 962702     /usr/lib/gio/modules/libgvfsdbus.so
8e3cd000-8e3ce000 r--p 00030000 08:01 962702     /usr/lib/gio/modules/libgvfsdbus.so
8e3ce000-8e3cf000 rw-p 00031000 08:01 962702     /usr/lib/gio/modules/libgvfsdbus.so
8e3cf000-8e424000 r-xp 00000000 08:01 962560     /usr/lib/libibus-1.0.so.5.0.504
8e424000-8e425000 r--p 00054000 08:01 962560     /usr/lib/libibus-1.0.so.5.0.504
8e425000-8e426000 rw-p 00055000 08:01 962560     /usr/lib/libibus-1.0.so.5.0.504
8e426000-8e42b000 r-xp 00000000 08:01 947240     /usr/lib/libasyncns.so.0.3.1
8e42b000-8e42c000 r--p 00004000 08:01 947240     /usr/lib/libasyncns.so.0.3.1
8e42c000-8e42d000 rw-p 00005000 08:01 947240     /usr/lib/libasyncns.so.0.3.1
8e42d000-8e433000 r-xp 00000000 08:01 952956     /usr/lib/libcanberra-0.30/libcanberra-pulse.so
8e433000-8e434000 r--p 00005000 08:01 952956     /usr/lib/libcanberra-0.30/libcanberra-pulse.so
8e434000-8e435000 rw-p 00006000 08:01 952956     /usr/lib/libcanberra-0.30/libcanberra-pulse.so
8e435000-8e43a000 r-xp 00000000 08:01 920680     /usr/lib/libnss_dns-2.18.so
8e43a000-8e43b000 r--p 00004000 08:01 920680     /usr/lib/libnss_dns-2.18.so
8e43b000-8e43c000 rw-p 00005000 08:01 920680     /usr/lib/libnss_dns-2.18.so
8e43c000-8e448000 r-xp 00000000 08:03 37224686   /home/max/Documents/offroad_projects/arduino-1.0.5/lib/librxtxSerial.so
8e448000-8e449000 rw-p 0000b000 08:03 37224686   /home/max/Documents/offroad_projects/arduino-1.0.5/lib/librxtxSerial.so
8e449000-8e44f000 r-xp 00000000 08:01 13932      /usr/lib/gtk-2.0/2.10.0/immodules/im-ibus.so
8e44f000-8e450000 r--p 00005000 08:01 13932      /usr/lib/gtk-2.0/2.10.0/immodules/im-ibus.so
8e450000-8e451000 rw-p 00006000 08:01 13932      /usr/lib/gtk-2.0/2.10.0/immodules/im-ibus.so
8e451000-8e507000 r--p 00000000 08:01 13952      /usr/share/fonts/TTF/DejaVuSans.ttf
8e507000-8e518000 r-xp 00000000 08:01 970355     /usr/lib/jvm/java-7-openjdk/jre/lib/i386/libnio.so
8e518000-8e519000 rw-p 00010000 08:01 970355     /usr/lib/jvm/java-7-openjdk/jre/lib/i386/libnio.so
8e519000-8e52c000 r--s 00000000 08:01 788719     /var/cache/fontconfig/8d4af663993b81a124ee82e610bb31f9-le32d4.cache-4
8e52c000-8e534000 r--s 00000000 08:01 790374     /var/cache/fontconfig/d62e99ef547d1d24cdb1bd22ec1a2976-le32d4.cache-4
8e534000-8e57e000 r-xp 00000000 08:01 970369     /usr/lib/jvm/java-7-openjdk/jre/lib/i386/libfontmanager.so
8e57e000-8e580000 rw-p 00049000 08:01 970369     /usr/lib/jvm/java-7-openjdk/jre/lib/i386/libfontmanager.so
8e580000-8e5aa000 r-xp 00000000 08:01 947291     /usr/lib/libvorbis.so.0.4.6
8e5aa000-8e5ab000 r--p 00029000 08:01 947291     /usr/lib/libvorbis.so.0.4.6
8e5ab000-8e5ac000 rw-p 0002a000 08:01 947291     /usr/lib/libvorbis.so.0.4.6
8e5ac000-8e5b5000 r-xp 00000000 08:01 962523     /usr/lib/libltdl.so.7.3.0
8e5b5000-8e5b6000 r--p 00008000 08:01 962523     /usr/lib/libltdl.so.7.3.0
8e5b6000-8e5b7000 rw-p 00009000 08:01 962523     /usr/lib/libltdl.so.7.3.0
8e5b7000-8e5c9000 r-xp 00000000 08:01 950496     /usr/lib/libtdb.so.1.2.12
8e5c9000-8e5ca000 r--p 00011000 08:01 950496     /usr/lib/libtdb.so.1.2.12
8e5ca000-8e5cb000 rw-p 00012000 08:01 950496     /usr/lib/libtdb.so.1.2.12
8e5cb000-8e5db000 r-xp 00000000 08:01 950513     /usr/lib/libcanberra.so.0.2.5
8e5db000-8e5dc000 r--p 0000f000 08:01 950513     /usr/lib/libcanberra.so.0.2.5
8e5dc000-8e5dd000 rw-p 00010000 08:01 950513     /usr/lib/libcanberra.so.0.2.5
8e5dd000-8e5de000 r--s 00000000 08:03 36438957   /home/max/.local/share/mime/mime.cache
8e5de000-8e5df000 rw-p 00000000 00:00 0 
8e5df000-8e5e8000 r--s 00000000 08:01 790325     /var/cache/fontconfig/f6b893a7224233d96cb72fd88691c0b4-le32d4.cache-4
8e5e8000-8e5ff000 r-xp 00000000 08:01 970354     /usr/lib/jvm/java-7-openjdk/jre/lib/i386/libnet.so
8e5ff000-8e600000 rw-p 00016000 08:01 970354     /usr/lib/jvm/java-7-openjdk/jre/lib/i386/libnet.so
8e600000-8e6ff000 rw-p 00000000 00:00 0 
8e6ff000-8e700000 ---p 00000000 00:00 0 
8e700000-8e702000 r-xp 00000000 08:01 920786     /usr/lib/libutil-2.18.so
8e702000-8e703000 r--p 00001000 08:01 920786     /usr/lib/libutil-2.18.so
8e703000-8e704000 rw-p 00002000 08:01 920786     /usr/lib/libutil-2.18.so
8e704000-8e70c000 r-xp 00000000 08:01 947293     /usr/lib/libvorbisfile.so.3.3.5
8e70c000-8e70d000 r--p 00007000 08:01 947293     /usr/lib/libvorbisfile.so.3.3.5
8e70d000-8e70e000 rw-p 00008000 08:01 947293     /usr/lib/libvorbisfile.so.3.3.5
8e70e000-8e711000 ---p 00000000 00:00 0 
8e711000-8e75f000 rw-p 00000000 00:00 0          [stack:3751]
8e75f000-8e762000 ---p 00000000 00:00 0 
8e762000-8e7b0000 rw-p 00000000 00:00 0          [stack:3750]
8e7b0000-8e7fa000 r-xp 00000000 08:01 925029     /usr/lib/libdbus-1.so.3.7.4
8e7fa000-8e7fb000 r--p 00049000 08:01 925029     /usr/lib/libdbus-1.so.3.7.4
8e7fb000-8e7fc000 rw-p 0004a000 08:01 925029     /usr/lib/libdbus-1.so.3.7.4
8e7fc000-8e866000 r-xp 00000000 08:01 924554     /usr/lib/libgmp.so.10.1.2
8e866000-8e867000 r--p 00069000 08:01 924554     /usr/lib/libgmp.so.10.1.2
8e867000-8e86e000 rw-p 0006a000 08:01 924554     /usr/lib/libgmp.so.10.1.2
8e86e000-8e89a000 r-xp 00000000 08:01 944419     /usr/lib/libhogweed.so.2.5
8e89a000-8e89b000 ---p 0002c000 08:01 944419     /usr/lib/libhogweed.so.2.5
8e89b000-8e89c000 r--p 0002c000 08:01 944419     /usr/lib/libhogweed.so.2.5
8e89c000-8e89d000 rw-p 0002d000 08:01 944419     /usr/lib/libhogweed.so.2.5
8e89d000-8e8ce000 r-xp 00000000 08:01 944421     /usr/lib/libnettle.so.4.7
8e8ce000-8e8cf000 r--p 00030000 08:01 944421     /usr/lib/libnettle.so.4.7
8e8cf000-8e8d0000 rw-p 00031000 08:01 944421     /usr/lib/libnettle.so.4.7
8e8d0000-8e8e2000 r-xp 00000000 08:01 944410     /usr/lib/libtasn1.so.6.1.1
8e8e2000-8e8e3000 r--p 00011000 08:01 944410     /usr/lib/libtasn1.so.6.1.1
8e8e3000-8e8e4000 rw-p 00012000 08:01 944410     /usr/lib/libtasn1.so.6.1.1
8e8e4000-8e900000 r-xp 00000000 08:01 944437     /usr/lib/libp11-kit.so.0.0.0
8e900000-8e901000 ---p 0001c000 08:01 944437     /usr/lib/libp11-kit.so.0.0.0
8e901000-8e902000 r--p 0001c000 08:01 944437     /usr/lib/libp11-kit.so.0.0.0
8e902000-8e903000 rw-p 0001d000 08:01 944437     /usr/lib/libp11-kit.so.0.0.0
8e903000-8e906000 r-xp 00000000 08:01 930485     /usr/lib/libkeyutils.so.1.4
8e906000-8e907000 r--p 00002000 08:01 930485     /usr/lib/libkeyutils.so.1.4
8e907000-8e908000 rw-p 00003000 08:01 930485     /usr/lib/libkeyutils.so.1.4
8e908000-8e913000 r-xp 00000000 08:01 930582     /usr/lib/libkrb5support.so.0.1
8e913000-8e914000 r--p 0000a000 08:01 930582     /usr/lib/libkrb5support.so.0.1
8e914000-8e915000 rw-p 0000b000 08:01 930582     /usr/lib/libkrb5support.so.0.1
8e915000-8e919000 r-xp 00000000 08:01 943273     /usr/lib/libXxf86vm.so.1.0.0
8e919000-8e91a000 r--p 00004000 08:01 943273     /usr/lib/libXxf86vm.so.1.0.0
8e91a000-8e91b000 rw-p 00005000 08:01 943273     /usr/lib/libXxf86vm.so.1.0.0
8e91b000-8e932000 r-xp 00000000 08:01 941542     /usr/lib/libxcb-glx.so.0.0.0
8e932000-8e933000 r--p 00017000 08:01 941542     /usr/lib/libxcb-glx.so.0.0.0
8e933000-8e934000 rw-p 00018000 08:01 941542     /usr/lib/libxcb-glx.so.0.0.0
8e934000-8e93e000 r-xp 00000000 08:01 939411     /usr/lib/libdrm.so.2.4.0
8e93e000-8e93f000 r--p 00009000 08:01 939411     /usr/lib/libdrm.so.2.4.0
8e93f000-8e940000 rw-p 0000a000 08:01 939411     /usr/lib/libdrm.so.2.4.0
8e940000-8e951000 r-xp 00000000 08:01 927356     /usr/lib/libudev.so.1.3.8
8e951000-8e952000 r--p 00010000 08:01 927356     /usr/lib/libudev.so.1.3.8
8e952000-8e953000 rw-p 00011000 08:01 927356     /usr/lib/libudev.so.1.3.8
8e953000-8e963000 r-xp 00000000 08:01 943629     /usr/lib/libglapi.so.0.0.0
8e963000-8e965000 r--p 0000f000 08:01 943629     /usr/lib/libglapi.so.0.0.0
8e965000-8e96a000 rwxp 00011000 08:01 943629     /usr/lib/libglapi.so.0.0.0
8e96a000-8e976000 r-xp 00000000 08:01 943541     /usr/lib/libwayland-server.so.0.1.0
8e976000-8e977000 r--p 0000c000 08:01 943541     /usr/lib/libwayland-server.so.0.1.0
8e977000-8e978000 rw-p 0000d000 08:01 943541     /usr/lib/libwayland-server.so.0.1.0
8e978000-8e981000 r-xp 00000000 08:01 943542     /usr/lib/libwayland-client.so.0.1.0
8e981000-8e982000 r--p 00008000 08:01 943542     /usr/lib/libwayland-client.so.0.1.0
8e982000-8e983000 rw-p 00009000 08:01 943542     /usr/lib/libwayland-client.so.0.1.0
8e983000-8e989000 r-xp 00000000 08:01 943637     /usr/lib/libgbm.so.1.0.0
8e989000-8e98a000 r--p 00005000 08:01 943637     /usr/lib/libgbm.so.1.0.0
8e98a000-8e98b000 rw-p 00006000 08:01 943637     /usr/lib/libgbm.so.1.0.0
8e98b000-8e98d000 r-xp 00000000 08:01 941548     /usr/lib/libxcb-shape.so.0.0.0
8e98d000-8e98e000 r--p 00002000 08:01 941548     /usr/lib/libxcb-shape.so.0.0.0
8e98e000-8e98f000 rw-p 00003000 08:01 941548     /usr/lib/libxcb-shape.so.0.0.0
8e98f000-8e995000 r-xp 00000000 08:01 941554     /usr/lib/libxcb-xfixes.so.0.0.0
8e995000-8e996000 r--p 00005000 08:01 941554     /usr/lib/libxcb-xfixes.so.0.0.0
8e996000-8e997000 rw-p 00006000 08:01 941554     /usr/lib/libxcb-xfixes.so.0.0.0
8e997000-8e99b000 r-xp 00000000 08:01 941541     /usr/lib/libxcb-dri2.so.0.0.0
8e99b000-8e99c000 r--p 00003000 08:01 941541     /usr/lib/libxcb-dri2.so.0.0.0
8e99c000-8e99d000 rw-p 00004000 08:01 941541     /usr/lib/libxcb-dri2.so.0.0.0
8e99d000-8e99e000 r-xp 00000000 08:01 941601     /usr/lib/libX11-xcb.so.1.0.0
8e99e000-8e99f000 r--p 00000000 08:01 941601     /usr/lib/libX11-xcb.so.1.0.0
8e99f000-8e9a0000 rw-p 00001000 08:01 941601     /usr/lib/libX11-xcb.so.1.0.0
8e9a0000-8e9ba000 r-xp 00000000 08:01 945531     /usr/lib/libgraphite2.so.3.0.1
8e9ba000-8e9bb000 r--p 0001a000 08:01 945531     /usr/lib/libgraphite2.so.3.0.1
8e9bb000-8e9bc000 rw-p 0001b000 08:01 945531     /usr/lib/libgraphite2.so.3.0.1
8e9bc000-8e9c1000 r-xp 00000000 08:01 939382     /usr/lib/libXdmcp.so.6.0.0
8e9c1000-8e9c2000 r--p 00004000 08:01 939382     /usr/lib/libXdmcp.so.6.0.0
8e9c2000-8e9c3000 rw-p 00005000 08:01 939382     /usr/lib/libXdmcp.so.6.0.0
8e9c3000-8e9c5000 r-xp 00000000 08:01 939437     /usr/lib/libXau.so.6.0.0
8e9c5000-8e9c6000 r--p 00001000 08:01 939437     /usr/lib/libXau.so.6.0.0
8e9c6000-8e9c7000 rw-p 00002000 08:01 939437     /usr/lib/libXau.so.6.0.0
8e9c7000-8e9cf000 r-xp 00000000 08:01 920722     /usr/lib/libcrypt-2.18.so
8e9cf000-8e9d0000 r--p 00008000 08:01 920722     /usr/lib/libcrypt-2.18.so
8e9d0000-8e9d1000 rw-p 00009000 08:01 920722     /usr/lib/libcrypt-2.18.so
8e9d1000-8e9f8000 rw-p 00000000 00:00 0 
8e9f8000-8ea08000 r-xp 00000000 08:01 945408     /usr/lib/libavahi-client.so.3.2.9
8ea08000-8ea09000 r--p 0000f000 08:01 945408     /usr/lib/libavahi-client.so.3.2.9
8ea09000-8ea0a000 rw-p 00010000 08:01 945408     /usr/lib/libavahi-client.so.3.2.9
8ea0a000-8ea16000 r-xp 00000000 08:01 945411     /usr/lib/libavahi-common.so.3.5.3
8ea16000-8ea17000 r--p 0000b000 08:01 945411     /usr/lib/libavahi-common.so.3.5.3
8ea17000-8ea18000 rw-p 0000c000 08:01 945411     /usr/lib/libavahi-common.so.3.5.3
8ea18000-8eb1a000 r-xp 00000000 08:01 944443     /usr/lib/libgnutls.so.28.25.0
8eb1a000-8eb1f000 r--p 00102000 08:01 944443     /usr/lib/libgnutls.so.28.25.0
8eb1f000-8eb20000 rw-p 00107000 08:01 944443     /usr/lib/libgnutls.so.28.25.0
8eb20000-8eb21000 rw-p 00000000 00:00 0 
8eb21000-8eb24000 r-xp 00000000 08:01 927672     /usr/lib/libcom_err.so.2.1
8eb24000-8eb25000 r--p 00002000 08:01 927672     /usr/lib/libcom_err.so.2.1
8eb25000-8eb26000 rw-p 00003000 08:01 927672     /usr/lib/libcom_err.so.2.1
8eb26000-8eb59000 r-xp 00000000 08:01 930587     /usr/lib/libk5crypto.so.3.1
8eb59000-8eb5a000 r--p 00032000 08:01 930587     /usr/lib/libk5crypto.so.3.1
8eb5a000-8eb5b000 rw-p 00033000 08:01 930587     /usr/lib/libk5crypto.so.3.1
8eb5b000-8eb5c000 rw-p 00000000 00:00 0 
8eb5c000-8ec1e000 r-xp 00000000 08:01 930588     /usr/lib/libkrb5.so.3.3
8ec1e000-8ec24000 r--p 000c2000 08:01 930588     /usr/lib/libkrb5.so.3.3
8ec24000-8ec26000 rw-p 000c8000 08:01 930588     /usr/lib/libkrb5.so.3.3
8ec26000-8ec6b000 r-xp 00000000 08:01 930589     /usr/lib/libgssapi_krb5.so.2.2
8ec6b000-8ec6c000 ---p 00045000 08:01 930589     /usr/lib/libgssapi_krb5.so.2.2
8ec6c000-8ec6d000 r--p 00045000 08:01 930589     /usr/lib/libgssapi_krb5.so.2.2
8ec6d000-8ec6e000 rw-p 00046000 08:01 930589     /usr/lib/libgssapi_krb5.so.2.2
8ec6e000-8ec7d000 r-xp 00000000 08:01 923819     /usr/lib/libbz2.so.1.0.6
8ec7d000-8ec7e000 rw-p 0000f000 08:01 923819     /usr/lib/libbz2.so.1.0.6
8ec7e000-8eca4000 r-xp 00000000 08:01 924969     /usr/lib/libexpat.so.1.6.0
8eca4000-8eca6000 r--p 00025000 08:01 924969     /usr/lib/libexpat.so.1.6.0
8eca6000-8eca7000 rw-p 00027000 08:01 924969     /usr/lib/libexpat.so.1.6.0
8eca7000-8ecba000 r-xp 00000000 08:01 920790     /usr/lib/libresolv-2.18.so
8ecba000-8ecbb000 ---p 00013000 08:01 920790     /usr/lib/libresolv-2.18.so
8ecbb000-8ecbc000 r--p 00013000 08:01 920790     /usr/lib/libresolv-2.18.so
8ecbc000-8ecbd000 rw-p 00014000 08:01 920790     /usr/lib/libresolv-2.18.so
8ecbd000-8ecbf000 rw-p 00000000 00:00 0 
8ecbf000-8ed2a000 r-xp 00000000 08:01 925220     /usr/lib/libpcre.so.1.2.1
8ed2a000-8ed2b000 r--p 0006a000 08:01 925220     /usr/lib/libpcre.so.1.2.1
8ed2b000-8ed2c000 rw-p 0006b000 08:01 925220     /usr/lib/libpcre.so.1.2.1
8ed2c000-8ed31000 r-xp 00000000 08:01 921121     /usr/lib/libffi.so.6.0.1
8ed31000-8ed32000 r--p 00005000 08:01 921121     /usr/lib/libffi.so.6.0.1
8ed32000-8ed33000 rw-p 00006000 08:01 921121     /usr/lib/libffi.so.6.0.1
8ed33000-8ed85000 r-xp 00000000 08:01 943640     /usr/lib/mesa-libGL.so.1.2.0
8ed85000-8ed87000 r--p 00051000 08:01 943640     /usr/lib/mesa-libGL.so.1.2.0
8ed87000-8ed8c000 rwxp 00053000 08:01 943640     /usr/lib/mesa-libGL.so.1.2.0
8ed8c000-8ed95000 r-xp 00000000 08:01 941545     /usr/lib/libxcb-render.so.0.0.0
8ed95000-8ed96000 r--p 00008000 08:01 941545     /usr/lib/libxcb-render.so.0.0.0
8ed96000-8ed97000 rw-p 00009000 08:01 941545     /usr/lib/libxcb-render.so.0.0.0
8ed97000-8ed99000 r-xp 00000000 08:01 941549     /usr/lib/libxcb-shm.so.0.0.0
8ed99000-8ed9a000 r--p 00001000 08:01 941549     /usr/lib/libxcb-shm.so.0.0.0
8ed9a000-8ed9b000 rw-p 00002000 08:01 941549     /usr/lib/libxcb-shm.so.0.0.0
8ed9b000-8edd2000 r-xp 00000000 08:01 943776     /usr/lib/libpng16.so.16.5.0
8edd2000-8edd3000 r--p 00036000 08:01 943776     /usr/lib/libpng16.so.16.5.0
8edd3000-8edd4000 rw-p 00037000 08:01 943776     /usr/lib/libpng16.so.16.5.0
8edd4000-8edf4000 r-xp 00000000 08:01 943638     /usr/lib/libEGL.so.1.0.0
8edf4000-8edf5000 ---p 00020000 08:01 943638     /usr/lib/libEGL.so.1.0.0
8edf5000-8edf6000 r--p 00020000 08:01 943638     /usr/lib/libEGL.so.1.0.0
8edf6000-8edf7000 rw-p 00021000 08:01 943638     /usr/lib/libEGL.so.1.0.0
8edf7000-8ee9b000 r-xp 00000000 08:01 939425     /usr/lib/libpixman-1.so.0.30.2
8ee9b000-8eea0000 r--p 000a4000 08:01 939425     /usr/lib/libpixman-1.so.0.30.2
8eea0000-8eea1000 rw-p 000a9000 08:01 939425     /usr/lib/libpixman-1.so.0.30.2
8eea1000-8eef3000 r-xp 00000000 08:01 945540     /usr/lib/libharfbuzz.so.0.919.0
8eef3000-8eef4000 r--p 00052000 08:01 945540     /usr/lib/libharfbuzz.so.0.919.0
8eef4000-8eef5000 rw-p 00053000 08:01 945540     /usr/lib/libharfbuzz.so.0.919.0
8eef5000-8eef7000 r-xp 00000000 08:01 943567     /usr/lib/libXdamage.so.1.1.0
8eef7000-8eef8000 r--p 00001000 08:01 943567     /usr/lib/libXdamage.so.1.1.0
8eef8000-8eef9000 rw-p 00002000 08:01 943567     /usr/lib/libXdamage.so.1.1.0
8eef9000-8eefb000 r-xp 00000000 08:01 945512     /usr/lib/libXcomposite.so.1.0.0
8eefb000-8eefc000 r--p 00001000 08:01 945512     /usr/lib/libXcomposite.so.1.0.0
8eefc000-8eefd000 rw-p 00002000 08:01 945512     /usr/lib/libXcomposite.so.1.0.0
8eefd000-8ef06000 r-xp 00000000 08:01 943473     /usr/lib/libXcursor.so.1.0.2
8ef06000-8ef07000 r--p 00009000 08:01 943473     /usr/lib/libXcursor.so.1.0.2
8ef07000-8ef08000 rw-p 0000a000 08:01 943473     /usr/lib/libXcursor.so.1.0.2
8ef08000-8ef11000 r-xp 00000000 08:01 943377     /usr/lib/libXrandr.so.2.2.0
8ef11000-8ef12000 r--p 00008000 08:01 943377     /usr/lib/libXrandr.so.2.2.0
8ef12000-8ef13000 rw-p 00009000 08:01 943377     /usr/lib/libXrandr.so.2.2.0
8ef13000-8ef15000 r-xp 00000000 08:01 943408     /usr/lib/libXinerama.so.1.0.0
8ef15000-8ef16000 r--p 00001000 08:01 943408     /usr/lib/libXinerama.so.1.0.0
8ef16000-8ef17000 rw-p 00002000 08:01 943408     /usr/lib/libXinerama.so.1.0.0
8ef17000-8ef1b000 r-xp 00000000 08:01 943435     /usr/lib/libXfixes.so.3.1.0
8ef1b000-8ef1c000 r--p 00003000 08:01 943435     /usr/lib/libXfixes.so.3.1.0
8ef1c000-8ef1d000 rw-p 00004000 08:01 943435     /usr/lib/libXfixes.so.3.1.0
8ef1d000-8ef3d000 r-xp 00000000 08:01 941536     /usr/lib/libxcb.so.1.1.0
8ef3d000-8ef3e000 r--p 0001f000 08:01 941536     /usr/lib/libxcb.so.1.1.0
8ef3e000-8ef3f000 rw-p 00020000 08:01 941536     /usr/lib/libxcb.so.1.1.0
8ef3f000-8ef9a000 r-xp 00000000 08:01 945491     /usr/lib/libcups.so.2
8ef9a000-8ef9d000 rw-p 0005b000 08:01 945491     /usr/lib/libcups.so.2
8ef9d000-8f09d000 r-xp 00000000 08:01 925724     /usr/lib/libglib-2.0.so.0.3600.4
8f09d000-8f09e000 r--p 000ff000 08:01 925724     /usr/lib/libglib-2.0.so.0.3600.4
8f09e000-8f09f000 rw-p 00100000 08:01 925724     /usr/lib/libglib-2.0.so.0.3600.4
8f09f000-8f139000 r-xp 00000000 08:01 939244     /usr/lib/libfreetype.so.6.10.2
8f139000-8f13d000 r--p 00099000 08:01 939244     /usr/lib/libfreetype.so.6.10.2
8f13d000-8f13e000 rw-p 0009d000 08:01 939244     /usr/lib/libfreetype.so.6.10.2
8f13e000-8f177000 r-xp 00000000 08:01 942702     /usr/lib/libfontconfig.so.1.7.0
8f177000-8f178000 r--p 00039000 08:01 942702     /usr/lib/libfontconfig.so.1.7.0
8f178000-8f179000 rw-p 0003a000 08:01 942702     /usr/lib/libfontconfig.so.1.7.0
8f179000-8f1c6000 r-xp 00000000 08:01 925727     /usr/lib/libgobject-2.0.so.0.3600.4
8f1c6000-8f1c7000 r--p 0004d000 08:01 925727     /usr/lib/libgobject-2.0.so.0.3600.4
8f1c7000-8f1c8000 rw-p 0004e000 08:01 925727     /usr/lib/libgobject-2.0.so.0.3600.4
8f1c8000-8f210000 r-xp 00000000 08:01 945554     /usr/lib/libpango-1.0.so.0.3400.1
8f210000-8f211000 ---p 00048000 08:01 945554     /usr/lib/libpango-1.0.so.0.3400.1
8f211000-8f212000 r--p 00048000 08:01 945554     /usr/lib/libpango-1.0.so.0.3400.1
8f212000-8f213000 rw-p 00049000 08:01 945554     /usr/lib/libpango-1.0.so.0.3400.1
8f213000-8f227000 r-xp 00000000 08:01 945555     /usr/lib/libpangoft2-1.0.so.0.3400.1
8f227000-8f228000 r--p 00013000 08:01 945555     /usr/lib/libpangoft2-1.0.so.0.3400.1
8f228000-8f229000 rw-p 00014000 08:01 945555     /usr/lib/libpangoft2-1.0.so.0.3400.1
8f229000-8f38b000 r-xp 00000000 08:01 925728     /usr/lib/libgio-2.0.so.0.3600.4
8f38b000-8f38c000 ---p 00162000 08:01 925728     /usr/lib/libgio-2.0.so.0.3600.4
8f38c000-8f38e000 r--p 00162000 08:01 925728     /usr/lib/libgio-2.0.so.0.3600.4
8f38e000-8f38f000 rw-p 00164000 08:01 925728     /usr/lib/libgio-2.0.so.0.3600.4
8f38f000-8f390000 rw-p 00000000 00:00 0 
8f390000-8f3b3000 r-xp 00000000 08:01 944124     /usr/lib/libgdk_pixbuf-2.0.so.0.2800.2
8f3b3000-8f3b4000 r--p 00023000 08:01 944124     /usr/lib/libgdk_pixbuf-2.0.so.0.2800.2
8f3b4000-8f3b5000 rw-p 00024000 08:01 944124     /usr/lib/libgdk_pixbuf-2.0.so.0.2800.2
8f3b5000-8f4ea000 r-xp 00000000 08:01 944341     /usr/lib/libcairo.so.2.11200.16
8f4ea000-8f4ec000 r--p 00135000 08:01 944341     /usr/lib/libcairo.so.2.11200.16
8f4ec000-8f4ed000 rw-p 00137000 08:01 944341     /usr/lib/libcairo.so.2.11200.16
8f4ed000-8f4ee000 rw-p 00000000 00:00 0 
8f4ee000-8f50d000 r-xp 00000000 08:01 944339     /usr/lib/libatk-1.0.so.0.20809.1
8f50d000-8f50f000 r--p 0001e000 08:01 944339     /usr/lib/libatk-1.0.so.0.20809.1
8f50f000-8f510000 rw-p 00020000 08:01 944339     /usr/lib/libatk-1.0.so.0.20809.1
8f510000-8f51b000 r-xp 00000000 08:01 945557     /usr/lib/libpangocairo-1.0.so.0.3400.1
8f51b000-8f51c000 r--p 0000a000 08:01 945557     /usr/lib/libpangocairo-1.0.so.0.3400.1
8f51c000-8f51d000 rw-p 0000b000 08:01 945557     /usr/lib/libpangocairo-1.0.so.0.3400.1
8f51d000-8f5c9000 r-xp 00000000 08:01 953230     /usr/lib/libgdk-x11-2.0.so.0.2400.20
8f5c9000-8f5cb000 r--p 000ab000 08:01 953230     /usr/lib/libgdk-x11-2.0.so.0.2400.20
8f5cb000-8f5cc000 rw-p 000ad000 08:01 953230     /usr/lib/libgdk-x11-2.0.so.0.2400.20
8f5cc000-8fa27000 r-xp 00000000 08:01 953231     /usr/lib/libgtk-x11-2.0.so.0.2400.20
8fa27000-8fa2b000 r--p 0045b000 08:01 953231     /usr/lib/libgtk-x11-2.0.so.0.2400.20
8fa2b000-8fa2d000 rw-p 0045f000 08:01 953231     /usr/lib/libgtk-x11-2.0.so.0.2400.20
8fa2d000-8fa2f000 rw-p 00000000 00:00 0 
8fa2f000-8fa3e000 r-xp 00000000 08:01 943361     /usr/lib/libXi.so.6.1.0
8fa3e000-8fa3f000 r--p 0000e000 08:01 943361     /usr/lib/libXi.so.6.1.0
8fa3f000-8fa40000 rw-p 0000f000 08:01 943361     /usr/lib/libXi.so.6.1.0
8fa40000-8fa45000 r-xp 00000000 08:01 943674     /usr/lib/libXtst.so.6.1.0
8fa45000-8fa46000 r--p 00004000 08:01 943674     /usr/lib/libXtst.so.6.1.0
8fa46000-8fa47000 rw-p 00005000 08:01 943674     /usr/lib/libXtst.so.6.1.0
8fa47000-8fa50000 r-xp 00000000 08:01 943371     /usr/lib/libXrender.so.1.3.0
8fa50000-8fa51000 r--p 00008000 08:01 943371     /usr/lib/libXrender.so.1.3.0
8fa51000-8fa52000 rw-p 00009000 08:01 943371     /usr/lib/libXrender.so.1.3.0
8fa52000-8fb85000 r-xp 00000000 08:01 941603     /usr/lib/libX11.so.6.3.0
8fb85000-8fb86000 r--p 00132000 08:01 941603     /usr/lib/libX11.so.6.3.0
8fb86000-8fb89000 rw-p 00133000 08:01 941603     /usr/lib/libX11.so.6.3.0
8fb89000-8fb8f000 r-xp 00000000 08:01 947250     /usr/lib/libogg.so.0.8.1
8fb8f000-8fb90000 r--p 00005000 08:01 947250     /usr/lib/libogg.so.0.8.1
8fb90000-8fb91000 rw-p 00006000 08:01 947250     /usr/lib/libogg.so.0.8.1
8fb91000-8fb95000 r-xp 00000000 08:01 950515     /usr/lib/libcanberra-gtk.so.0.1.9
8fb95000-8fb96000 r--p 00003000 08:01 950515     /usr/lib/libcanberra-gtk.so.0.1.9
8fb96000-8fb97000 rw-p 00004000 08:01 950515     /usr/lib/libcanberra-gtk.so.0.1.9
8fb97000-8fb9b000 r-xp 00000000 08:01 11845      /usr/lib/gtk-2.0/modules/libcanberra-gtk-module.so
8fb9b000-8fb9c000 r--p 00004000 08:01 11845      /usr/lib/gtk-2.0/modules/libcanberra-gtk-module.so
8fb9c000-8fb9d000 rw-p 00005000 08:01 11845      /usr/lib/gtk-2.0/modules/libcanberra-gtk-module.so
8fb9d000-8fba2000 r--s 0004c000 08:01 969827     /usr/lib/jvm/java-7-openjdk/jre/lib/jsse.jar
8fba2000-8fbac000 r--s 000b8000 08:01 969826     /usr/lib/jvm/java-7-openjdk/jre/lib/resources.jar
8fbac000-8fbfd000 r-xp 00000000 08:01 1068547    /usr/lib/jvm/java-7-openjdk/jre/lib/i386/xawt/libmawt.so
8fbfd000-8fbff000 rw-p 00051000 08:01 1068547    /usr/lib/jvm/java-7-openjdk/jre/lib/i386/xawt/libmawt.so
8fbff000-8fc00000 rw-p 00000000 00:00 0 
8fc00000-8fcfa000 rw-p 00000000 00:00 0 
8fcfa000-8fd00000 ---p 00000000 00:00 0 
8fd00000-8fd01000 r--s 00000000 08:01 790375     /var/cache/fontconfig/6ba42ae0000f58711b5caaf10d690066-le32d4.cache-4
8fd01000-8fd04000 r-xp 00000000 08:01 925725     /usr/lib/libgmodule-2.0.so.0.3600.4
8fd04000-8fd05000 r--p 00002000 08:01 925725     /usr/lib/libgmodule-2.0.so.0.3600.4
8fd05000-8fd06000 rw-p 00003000 08:01 925725     /usr/lib/libgmodule-2.0.so.0.3600.4
8fd06000-8fd17000 r-xp 00000000 08:01 942863     /usr/lib/libXext.so.6.4.0
8fd17000-8fd18000 r--p 00010000 08:01 942863     /usr/lib/libXext.so.6.4.0
8fd18000-8fd19000 rw-p 00011000 08:01 942863     /usr/lib/libXext.so.6.4.0
8fd19000-8fda8000 r-xp 00000000 08:01 970367     /usr/lib/jvm/java-7-openjdk/jre/lib/i386/libawt.so
8fda8000-8fdaf000 rw-p 0008f000 08:01 970367     /usr/lib/jvm/java-7-openjdk/jre/lib/i386/libawt.so
8fdaf000-8fdd3000 rw-p 00000000 00:00 0 
8fdd3000-8fdd4000 ---p 00000000 00:00 0 
8fdd4000-8fe54000 rw-p 00000000 00:00 0          [stack:3749]
8fe54000-8fe57000 ---p 00000000 00:00 0 
8fe57000-8fea5000 rw-p 00000000 00:00 0          [stack:3748]
8fea5000-8fea8000 ---p 00000000 00:00 0 
8fea8000-8ff26000 rw-p 00000000 00:00 0          [stack:3747]
8ff26000-8ff29000 ---p 00000000 00:00 0 
8ff29000-8ff77000 rw-p 00000000 00:00 0          [stack:3746]
8ff77000-90100000 r--p 00000000 08:01 921104     /usr/lib/locale/locale-archive
90100000-9013b000 rw-p 00000000 00:00 0 
9013b000-90200000 ---p 00000000 00:00 0 
90200000-90201000 r-xp 00000000 08:01 925726     /usr/lib/libgthread-2.0.so.0.3600.4
90201000-90202000 r--p 00000000 08:01 925726     /usr/lib/libgthread-2.0.so.0.3600.4
90202000-90203000 rw-p 00001000 08:01 925726     /usr/lib/libgthread-2.0.so.0.3600.4
90203000-90205000 r--s 0000d000 08:03 37224687   /home/max/Documents/offroad_projects/arduino-1.0.5/lib/RXTXcomm.jar
90205000-9020d000 r--s 000c4000 08:03 37227007   /home/max/Documents/offroad_projects/arduino-1.0.5/lib/pde.jar
9020d000-90210000 r--s 00096000 08:03 37224673   /home/max/Documents/offroad_projects/arduino-1.0.5/lib/jna.jar
90210000-9021f000 r--s 00184000 08:03 37224694   /home/max/Documents/offroad_projects/arduino-1.0.5/lib/ecj.jar
9021f000-90222000 ---p 00000000 00:00 0 
90222000-90270000 rw-p 00000000 00:00 0          [stack:3745]
90270000-90273000 ---p 00000000 00:00 0 
90273000-902c1000 rw-p 00000000 00:00 0          [stack:3744]
902c1000-902c2000 ---p 00000000 00:00 0 
902c2000-9038a000 rw-p 00000000 00:00 0          [stack:3743]
9038a000-90538000 r--s 01ced000 08:01 969825     /usr/lib/jvm/java-7-openjdk/jre/lib/rt.jar
90538000-9059a000 rw-p 00000000 00:00 0 
9059a000-905b4000 rw-p 00000000 00:00 0 
905b4000-905bb000 rw-p 00000000 00:00 0 
905bb000-9065f000 rw-p 00000000 00:00 0 
9065f000-90663000 rw-p 00000000 00:00 0 
90663000-906b4000 rw-p 00000000 00:00 0 
906b4000-906bb000 rw-p 00000000 00:00 0 
906bb000-9075f000 rw-p 00000000 00:00 0 
9075f000-90765000 rw-p 00000000 00:00 0 
90765000-9077f000 rw-p 00000000 00:00 0 
9077f000-90e30000 rw-p 00000000 00:00 0 
90e30000-9b220000 rw-p 00000000 00:00 0 
9b220000-9bf70000 rw-p 00000000 00:00 0 
9bf70000-b0780000 rw-p 00000000 00:00 0 
b0780000-b1380000 rw-p 00000000 00:00 0 
b1380000-b4780000 rw-p 00000000 00:00 0 
b4780000-b4789000 rw-p 00000000 00:00 0 
b4789000-b4800000 rw-p 00000000 00:00 0 
b4800000-b4a30000 rwxp 00000000 00:00 0 
b4a30000-b68fa000 rw-p 00000000 00:00 0 
b68fa000-b6900000 ---p 00000000 00:00 0 
b6900000-b6902000 r--s 00029000 08:03 37224693   /home/max/Documents/offroad_projects/arduino-1.0.5/lib/core.jar
b6902000-b6905000 r--s 0000f000 08:01 970343     /usr/lib/jvm/java-7-openjdk/jre/lib/ext/pulse-java.jar
b6905000-b690d000 r-xp 00000000 08:01 970353     /usr/lib/jvm/java-7-openjdk/jre/lib/i386/libzip.so
b690d000-b690e000 rw-p 00007000 08:01 970353     /usr/lib/jvm/java-7-openjdk/jre/lib/i386/libzip.so
b690e000-b6934000 r-xp 00000000 08:01 970352     /usr/lib/jvm/java-7-openjdk/jre/lib/i386/libjava.so
b6934000-b6935000 rw-p 00026000 08:01 970352     /usr/lib/jvm/java-7-openjdk/jre/lib/i386/libjava.so
b6935000-b693c000 r-xp 00000000 08:01 920814     /usr/lib/librt-2.18.so
b693c000-b693d000 r--p 00006000 08:01 920814     /usr/lib/librt-2.18.so
b693d000-b693e000 rw-p 00007000 08:01 920814     /usr/lib/librt-2.18.so
b693e000-b6941000 ---p 00000000 00:00 0 
b6941000-b698f000 rw-p 00000000 00:00 0          [stack:3742]
b698f000-b69aa000 r-xp 00000000 08:01 923853     /usr/lib/libgcc_s.so.1
b69aa000-b69ab000 rw-p 0001a000 08:01 923853     /usr/lib/libgcc_s.so.1
b69ab000-b69ef000 r-xp 00000000 08:01 920774     /usr/lib/libm-2.18.so
b69ef000-b69f0000 r--p 00043000 08:01 920774     /usr/lib/libm-2.18.so
b69f0000-b69f1000 rw-p 00044000 08:01 920774     /usr/lib/libm-2.18.so
b69f1000-b6ace000 r-xp 00000000 08:01 923848     /usr/lib/libstdc++.so.6.0.18
b6ace000-b6ad2000 r--p 000dc000 08:01 923848     /usr/lib/libstdc++.so.6.0.18
b6ad2000-b6ad3000 rw-p 000e0000 08:01 923848     /usr/lib/libstdc++.so.6.0.18
b6ad3000-b6ada000 rw-p 00000000 00:00 0 
b6ada000-b70f3000 r-xp 00000000 08:01 970383     /usr/lib/jvm/java-7-openjdk/jre/lib/i386/client/libjvm.so
b70f3000-b7119000 rw-p 00618000 08:01 970383     /usr/lib/jvm/java-7-openjdk/jre/lib/i386/client/libjvm.so
b7119000-b7533000 rw-p 00000000 00:00 0 
b7533000-b7548000 r-xp 00000000 08:01 923894     /usr/lib/libz.so.1.2.8
b7548000-b7549000 r--p 00014000 08:01 923894     /usr/lib/libz.so.1.2.8
b7549000-b754a000 rw-p 00015000 08:01 923894     /usr/lib/libz.so.1.2.8
b754a000-b754b000 rw-p 00000000 00:00 0 
b754b000-b76f4000 r-xp 00000000 08:01 920776     /usr/lib/libc-2.18.so
b76f4000-b76f5000 ---p 001a9000 08:01 920776     /usr/lib/libc-2.18.so
b76f5000-b76f7000 r--p 001a9000 08:01 920776     /usr/lib/libc-2.18.so
b76f7000-b76f8000 rw-p 001ab000 08:01 920776     /usr/lib/libc-2.18.so
b76f8000-b76fb000 rw-p 00000000 00:00 0 
b76fb000-b76fe000 r-xp 00000000 08:01 920815     /usr/lib/libdl-2.18.so
b76fe000-b76ff000 r--p 00002000 08:01 920815     /usr/lib/libdl-2.18.so
b76ff000-b7700000 rw-p 00003000 08:01 920815     /usr/lib/libdl-2.18.so
b7700000-b770c000 r-xp 00000000 08:01 970380     /usr/lib/jvm/java-7-openjdk/jre/lib/i386/jli/libjli.so
b770c000-b770d000 rw-p 0000b000 08:01 970380     /usr/lib/jvm/java-7-openjdk/jre/lib/i386/jli/libjli.so
b770d000-b7725000 r-xp 00000000 08:01 920681     /usr/lib/libpthread-2.18.so
b7725000-b7726000 r--p 00017000 08:01 920681     /usr/lib/libpthread-2.18.so
b7726000-b7727000 rw-p 00018000 08:01 920681     /usr/lib/libpthread-2.18.so
b7727000-b7729000 rw-p 00000000 00:00 0 
b7729000-b7731000 rw-s 00000000 00:1d 4384455    /tmp/hsperfdata_max/3741
b7731000-b773c000 r-xp 00000000 08:01 920677     /usr/lib/libnss_files-2.18.so
b773c000-b773d000 r--p 0000a000 08:01 920677     /usr/lib/libnss_files-2.18.so
b773d000-b773e000 rw-p 0000b000 08:01 920677     /usr/lib/libnss_files-2.18.so
b773e000-b773f000 rw-p 00000000 00:00 0 
b773f000-b7740000 r--p 00000000 00:00 0 
b7740000-b774b000 r-xp 00000000 08:01 970351     /usr/lib/jvm/java-7-openjdk/jre/lib/i386/libverify.so
b774b000-b774c000 rw-p 0000b000 08:01 970351     /usr/lib/jvm/java-7-openjdk/jre/lib/i386/libverify.so
b774c000-b774d000 rw-p 00000000 00:00 0 
b774d000-b774e000 r-xp 00000000 00:00 0          [vdso]
b774e000-b776e000 r-xp 00000000 08:01 920752     /usr/lib/ld-2.18.so
b776e000-b776f000 r--p 0001f000 08:01 920752     /usr/lib/ld-2.18.so
b776f000-b7770000 rw-p 00020000 08:01 920752     /usr/lib/ld-2.18.so
bf9d7000-bf9f8000 rw-p 00000000 00:00 0          [stack]

VM Arguments:
jvm_args: -Dswing.defaultlaf=com.sun.java.swing.plaf.gtk.GTKLookAndFeel 
java_command: processing.app.Base
Launcher Type: SUN_STANDARD

Environment Variables:
JAVA_HOME=/usr/lib/jvm/java-7-openjdk
CLASSPATH=:java/lib/rt.jar:java/lib/tools.jar:lib/core.jar:lib/ecj.jar:lib/jna.jar:lib/pde.jar:lib/RXTXcomm.jar
PATH=/home/max/Documents/offroad_projects/arduino-1.0.5/java/bin:/usr/local/sbin:/usr/local/bin:/usr/bin:/opt/android-sdk/platform-tools:/usr/bin/core_perl
LD_LIBRARY_PATH=/home/max/Documents/offroad_projects/arduino-1.0.5/lib
SHELL=/bin/bash
DISPLAY=:0.0

Signal Handlers:
SIGSEGV: [libjvm.so+0x4d9540], sa_mask[0]=0x7ffbfeff, sa_flags=0x10000004
SIGBUS: [libjvm.so+0x4d9540], sa_mask[0]=0x7ffbfeff, sa_flags=0x10000004
SIGFPE: [libjvm.so+0x3bd470], sa_mask[0]=0x7ffbfeff, sa_flags=0x10000004
SIGPIPE: SIG_IGN, sa_mask[0]=0x00001000, sa_flags=0x10000000
SIGXFSZ: [libjvm.so+0x3bd470], sa_mask[0]=0x7ffbfeff, sa_flags=0x10000004
SIGILL: [libjvm.so+0x3bd470], sa_mask[0]=0x7ffbfeff, sa_flags=0x10000004
SIGUSR1: SIG_DFL, sa_mask[0]=0x00000000, sa_flags=0x00000000
SIGUSR2: [libjvm.so+0x3bd300], sa_mask[0]=0x00000000, sa_flags=0x10000004
SIGHUP: [libjvm.so+0x3bd530], sa_mask[0]=0x7ffbfeff, sa_flags=0x10000004
SIGINT: [libjvm.so+0x3bd530], sa_mask[0]=0x7ffbfeff, sa_flags=0x10000004
SIGTERM: [libjvm.so+0x3bd530], sa_mask[0]=0x7ffbfeff, sa_flags=0x10000004
SIGQUIT: [libjvm.so+0x3bd530], sa_mask[0]=0x7ffbfeff, sa_flags=0x10000004


---------------  S Y S T E M  ---------------

OS:Linux
uname:Linux 3.11.2-1-ARCH #1 SMP PREEMPT Fri Sep 27 08:03:21 CEST 2013 i686
libc:glibc 2.18 NPTL 2.18 
rlimit: STACK 8192k, CORE 0k, NPROC 16120, NOFILE 4096, AS infinity
load average:0.38 0.96 0.95

/proc/meminfo:
MemTotal:        2066924 kB
MemFree:          193136 kB
Buffers:          143584 kB
Cached:           761024 kB
SwapCached:            0 kB
Active:          1080112 kB
Inactive:         710780 kB
Active(anon):     782148 kB
Inactive(anon):   118072 kB
Active(file):     297964 kB
Inactive(file):   592708 kB
Unevictable:           0 kB
Mlocked:               0 kB
HighTotal:       1186696 kB
HighFree:          19548 kB
LowTotal:         880228 kB
LowFree:          173588 kB
SwapTotal:       2097148 kB
SwapFree:        2097148 kB
Dirty:               100 kB
Writeback:             0 kB
AnonPages:        886300 kB
Mapped:           166244 kB
Shmem:             13920 kB
Slab:              40372 kB
SReclaimable:      29300 kB
SUnreclaim:        11072 kB
KernelStack:        2712 kB
PageTables:         8324 kB
NFS_Unstable:          0 kB
Bounce:                0 kB
WritebackTmp:          0 kB
CommitLimit:     3130608 kB
Committed_AS:    3183356 kB
VmallocTotal:     122880 kB
VmallocUsed:       35820 kB
VmallocChunk:      76148 kB
HardwareCorrupted:     0 kB
AnonHugePages:     90112 kB
HugePages_Total:       0
HugePages_Free:        0
HugePages_Rsvd:        0
HugePages_Surp:        0
Hugepagesize:       4096 kB
DirectMap4k:       16376 kB
DirectMap4M:      892928 kB


CPU:total 1 (1 cores per cpu, 1 threads per core) family 15 model 2 stepping 7, cmov, cx8, fxsr, mmx, sse, sse2, tsc

/proc/cpuinfo:
processor	: 0
vendor_id	: GenuineIntel
cpu family	: 15
model		: 2
model name	: Intel(R) Pentium(R) 4 CPU 2.40GHz
stepping	: 7
microcode	: 0x37
cpu MHz		: 2400.207
cache size	: 512 KB
fdiv_bug	: no
f00f_bug	: no
coma_bug	: no
fpu		: yes
fpu_exception	: yes
cpuid level	: 2
wp		: yes
flags		: fpu vme de pse tsc msr pae mce cx8 apic sep mtrr pge mca cmov pat pse36 clflush dts acpi mmx fxsr sse sse2 ss ht tm pbe pebs bts cid xtpr
bogomips	: 4802.43
clflush size	: 64
cache_alignment	: 128
address sizes	: 36 bits physical, 32 bits virtual
power management:



Memory: 4k page, physical 2066924k(193136k free), swap 2097148k(2097148k free)

vm_info: OpenJDK Client VM (24.45-b08) for linux-x86 JRE (1.7.0_45-b31), built on Oct 21 2013 19:37:17 by "nobody" with gcc 4.8.2

time: Sun Dec 29 18:55:17 2013
elapsed time: 126 seconds

